[2026-01-16 12:21:24] ===== WORKFLOW STARTED =====
[2026-01-16 12:21:24] STARTING: send_email.py
[2026-01-16 12:21:24] ERROR in send_email.py: Command '['C:\\Program Files\\Python313\\python.exe', 'send_email.py']' returned non-zero exit status 2.
[2026-01-16 12:21:24] STARTING: processreplies.py
[2026-01-16 12:21:24] ERROR in processreplies.py: Command '['C:\\Program Files\\Python313\\python.exe', 'processreplies.py']' returned non-zero exit status 2.
[2026-01-16 12:21:24] ===== WORKFLOW COMPLETED =====

[2026-01-16 12:22:57] ===== WORKFLOW STARTED =====
[2026-01-16 12:22:57] STARTING: send_email.py
[2026-01-16 12:22:57] ERROR in send_email.py: Command '['C:\\Program Files\\Python313\\python.exe', 'send_email.py']' returned non-zero exit status 2.
[2026-01-16 12:22:57] STARTING: processreplies.py
[2026-01-16 12:22:57] ERROR in processreplies.py: Command '['C:\\Program Files\\Python313\\python.exe', 'processreplies.py']' returned non-zero exit status 2.
[2026-01-16 12:22:57] ===== WORKFLOW COMPLETED =====

[2026-01-16 12:24:26] ===== WORKFLOW STARTED =====
[2026-01-16 12:24:26] STARTING: send_email.py
[2026-01-16 12:24:26] ERROR in send_email.py: Command '['C:\\Program Files\\Python313\\python.exe', 'send_email.py']' returned non-zero exit status 2.
[2026-01-16 12:24:26] STARTING: processreplies.py
[2026-01-16 12:24:26] ERROR in processreplies.py: Command '['C:\\Program Files\\Python313\\python.exe', 'processreplies.py']' returned non-zero exit status 2.
[2026-01-16 12:24:26] ===== WORKFLOW COMPLETED =====

[2026-01-16 12:29:01] ===== WORKFLOW STARTED =====
[2026-01-16 12:29:01] STARTING: send_emails.py
[2026-01-16 12:29:33] SUCCESS: send_emails.py
[2026-01-16 12:29:33] STARTING: process_replies.py
[2026-01-16 12:29:42] SUCCESS: process_replies.py
[2026-01-16 12:29:42] ===== WORKFLOW COMPLETED =====

